[2025-12-04 16:30:47] production.ERROR: Please provide a valid cache path. {"exception":"[object] (InvalidArgumentException(code: 0): Please provide a valid cache path. at /home/runner/work/eu-vat.info/eu-vat.info/vendor/laravel/framework/src/Illuminate/View/Compilers/Compiler.php:67)
[stacktrace]
#0 /home/runner/work/eu-vat.info/eu-vat.info/vendor/laravel/framework/src/Illuminate/View/ViewServiceProvider.php(97): Illuminate\\View\\Compilers\\Compiler->__construct()
#1 /home/runner/work/eu-vat.info/eu-vat.info/vendor/laravel/framework/src/Illuminate/Container/Container.php(900): Illuminate\\View\\ViewServiceProvider->Illuminate\\View\\{closure}()
#2 /home/runner/work/eu-vat.info/eu-vat.info/vendor/laravel/framework/src/Illuminate/Container/Container.php(787): Illuminate\\Container\\Container->build()
#3 /home/runner/work/eu-vat.info/eu-vat.info/vendor/laravel/framework/src/Illuminate/Foundation/Application.php(1041): Illuminate\\Container\\Container->resolve()
#4 /home/runner/work/eu-vat.info/eu-vat.info/vendor/laravel/framework/src/Illuminate/Container/Container.php(723): Illuminate\\Foundation\\Application->resolve()
#5 /home/runner/work/eu-vat.info/eu-vat.info/vendor/laravel/framework/src/Illuminate/Foundation/Application.php(1026): Illuminate\\Container\\Container->make()
#6 /home/runner/work/eu-vat.info/eu-vat.info/vendor/laravel/framework/src/Illuminate/Container/Container.php(1446): Illuminate\\Foundation\\Application->make()
#7 /home/runner/work/eu-vat.info/eu-vat.info/vendor/laravel/framework/src/Illuminate/Support/Facades/Facade.php(237): Illuminate\\Container\\Container->offsetGet()
#8 /home/runner/work/eu-vat.info/eu-vat.info/vendor/laravel/framework/src/Illuminate/Support/Facades/Facade.php(208): Illuminate\\Support\\Facades\\Facade::resolveFacadeInstance()
#9 /home/runner/work/eu-vat.info/eu-vat.info/vendor/laravel/framework/src/Illuminate/Support/Facades/Facade.php(351): Illuminate\\Support\\Facades\\Facade::getFacadeRoot()
#10 /home/runner/work/eu-vat.info/eu-vat.info/vendor/blade-ui-kit/blade-icons/src/BladeIconsServiceProvider.php(98): Illuminate\\Support\\Facades\\Facade::__callStatic()
#11 /home/runner/work/eu-vat.info/eu-vat.info/vendor/blade-ui-kit/blade-icons/src/BladeIconsServiceProvider.php(27): BladeUI\\Icons\\BladeIconsServiceProvider->bootDirectives()
#12 /home/runner/work/eu-vat.info/eu-vat.info/vendor/laravel/framework/src/Illuminate/Container/BoundMethod.php(36): BladeUI\\Icons\\BladeIconsServiceProvider->boot()
#13 /home/runner/work/eu-vat.info/eu-vat.info/vendor/laravel/framework/src/Illuminate/Container/Util.php(41): Illuminate\\Container\\BoundMethod::Illuminate\\Container\\{closure}()
#14 /home/runner/work/eu-vat.info/eu-vat.info/vendor/laravel/framework/src/Illuminate/Container/BoundMethod.php(93): Illuminate\\Container\\Util::unwrapIfClosure()
#15 /home/runner/work/eu-vat.info/eu-vat.info/vendor/laravel/framework/src/Illuminate/Container/BoundMethod.php(35): Illuminate\\Container\\BoundMethod::callBoundMethod()
#16 /home/runner/work/eu-vat.info/eu-vat.info/vendor/laravel/framework/src/Illuminate/Container/Container.php(662): Illuminate\\Container\\BoundMethod::call()
#17 /home/runner/work/eu-vat.info/eu-vat.info/vendor/laravel/framework/src/Illuminate/Foundation/Application.php(1114): Illuminate\\Container\\Container->call()
#18 /home/runner/work/eu-vat.info/eu-vat.info/vendor/laravel/framework/src/Illuminate/Foundation/Application.php(1095): Illuminate\\Foundation\\Application->bootProvider()
#19 [internal function]: Illuminate\\Foundation\\Application->Illuminate\\Foundation\\{closure}()
#20 /home/runner/work/eu-vat.info/eu-vat.info/vendor/laravel/framework/src/Illuminate/Foundation/Application.php(1094): array_walk()
#21 /home/runner/work/eu-vat.info/eu-vat.info/vendor/laravel/framework/src/Illuminate/Foundation/Bootstrap/BootProviders.php(17): Illuminate\\Foundation\\Application->boot()
#22 /home/runner/work/eu-vat.info/eu-vat.info/vendor/laravel/framework/src/Illuminate/Foundation/Application.php(316): Illuminate\\Foundation\\Bootstrap\\BootProviders->bootstrap()
#23 /home/runner/work/eu-vat.info/eu-vat.info/vendor/laravel/framework/src/Illuminate/Foundation/Console/Kernel.php(470): Illuminate\\Foundation\\Application->bootstrapWith()
#24 /home/runner/work/eu-vat.info/eu-vat.info/vendor/laravel/framework/src/Illuminate/Foundation/Console/Kernel.php(194): Illuminate\\Foundation\\Console\\Kernel->bootstrap()
#25 /home/runner/work/eu-vat.info/eu-vat.info/vendor/laravel/framework/src/Illuminate/Foundation/Application.php(1198): Illuminate\\Foundation\\Console\\Kernel->handle()
#26 /home/runner/work/eu-vat.info/eu-vat.info/artisan(13): Illuminate\\Foundation\\Application->handleCommand()
#27 {main}
"} 
